Found PERIPHBASE 0xf0000000
Creating GIC driver @ 0xf0000000 / 0xf0100000
Calling git.setup(0)
Configure low-prio SGI...
Configure high-prio SGI...
gic.enable_interrupt()
Enabling interrupts...
SCTLR { IE=0 TE=0 NMFI=0 EE=0 U=1 FI=0 DZ=1 BR=0 RR=0 V=0 I=0 Z=1 SW=0 C=0 A=0 M=0 }
SCTLR { IE=0 TE=0 NMFI=0 EE=0 U=1 FI=0 DZ=1 BR=0 RR=0 V=0 I=0 Z=1 SW=0 C=0 A=0 M=0 }
Send lo-prio SGI
> IRQ
- IRQ Handling SGI 3
    - Low prio!
    - Pre lock exit
    - HIGH PRIO SHOULD RUN AFTER THIS
> IRQ
- IRQ Handling SGI 4
    - High prio!
< IRQ
    - HIGH PRIO SHOULD RUN BEFORE THIS
    - Post lock exit
< IRQ
IRQ test completed OK
